Arguments {
    "ckpt_file": "./checkpoints/resnet18_places365.pth.tar",
    "dataset": "stream51",
    "expt_name": "stream51_slda_experiment_instance_seed30",
    "images_dir": "../",
    "k_plus_one_tpr": 0.95,
    "model": "slda",
    "num_channels": 512,
    "num_classes": 51,
    "ood_num_samples": 500,
    "ood_only_51": false,
    "order": "instance",
    "save_dir": "./results/stream51_slda_experiment_instance_seed30",
    "seed": 30,
    "slda_ood_type": "baseline",
    "step": 30000
}
Changing output layer to contain 51 classes.
Will not resume any checkpoints!
Resuming from ./checkpoints/resnet18_places365.pth.tar
Shape mismatch...ignoring model.fc.weight
Shape mismatch...ignoring model.fc.bias
eval_ix  [ 30000  60000  90000 120000 150000 150736]
Beginning streaming training...
Making test loader from following:  [38, 30, 4, 31, 50, 28, 26, 25, 21, 10, 29, 23, 15, 22, 39, 7, 24, 44, 36, 13, 5, 3, 8, 49, 6, 2, 14, 34, 12, 9, 33, 37, 0, 16, 40, 19, 42, 46, 35, 18, 48, 20, 17, 43, 41, 47, 11, 27, 45, 1, 32]
Num OOD samples  500
Making in-loader from these classes:  [38, 30, 4, 31, 50, 28, 26, 25, 21, 10, 29, 23, 15, 22, 39, 7, 24, 44, 36, 13, 5, 3, 8, 49, 6, 2, 14, 34, 12, 9, 33, 37, 0, 16, 40, 19, 42, 46, 35, 18, 48, 20, 17, 43, 41, 47, 11, 27, 45, 1, 32]
Inloader made from 51 classes (500 samples)
Inloader made from 51 classes (500 samples)
Outloader made from 1 classes (500 samples)

Index: 30000 -- top1=44.67% -- top5=64.43%
Threshold K+1: 0.71

OOD: AUROC=0.61 -- AUOSC=0.29 -- AUOSC Norm=0.67 -- K+1 Acc=0.25
Making test loader from following:  [38, 30, 4, 31, 50, 28, 26, 25, 21, 10, 29, 23, 15, 22, 39, 7, 24, 44, 36, 13, 5, 3, 8, 49, 6, 2, 14, 34, 12, 9, 33, 37, 0, 16, 40, 19, 42, 46, 35, 18, 48, 20, 17, 43, 41, 47, 11, 27, 45, 1, 32]
Num OOD samples  500
Making in-loader from these classes:  [38, 30, 4, 31, 50, 28, 26, 25, 21, 10, 29, 23, 15, 22, 39, 7, 24, 44, 36, 13, 5, 3, 8, 49, 6, 2, 14, 34, 12, 9, 33, 37, 0, 16, 40, 19, 42, 46, 35, 18, 48, 20, 17, 43, 41, 47, 11, 27, 45, 1, 32]
Inloader made from 51 classes (500 samples)
Inloader made from 51 classes (500 samples)
Outloader made from 1 classes (500 samples)

Index: 60000 -- top1=54.16% -- top5=76.71%
Threshold K+1: 0.65

OOD: AUROC=0.63 -- AUOSC=0.40 -- AUOSC Norm=0.76 -- K+1 Acc=0.31
Making test loader from following:  [38, 30, 4, 31, 50, 28, 26, 25, 21, 10, 29, 23, 15, 22, 39, 7, 24, 44, 36, 13, 5, 3, 8, 49, 6, 2, 14, 34, 12, 9, 33, 37, 0, 16, 40, 19, 42, 46, 35, 18, 48, 20, 17, 43, 41, 47, 11, 27, 45, 1, 32]
Num OOD samples  500
Making in-loader from these classes:  [38, 30, 4, 31, 50, 28, 26, 25, 21, 10, 29, 23, 15, 22, 39, 7, 24, 44, 36, 13, 5, 3, 8, 49, 6, 2, 14, 34, 12, 9, 33, 37, 0, 16, 40, 19, 42, 46, 35, 18, 48, 20, 17, 43, 41, 47, 11, 27, 45, 1, 32]
Inloader made from 51 classes (500 samples)
Inloader made from 51 classes (500 samples)
Outloader made from 1 classes (500 samples)

Index: 90000 -- top1=58.78% -- top5=80.67%
Threshold K+1: 0.61

OOD: AUROC=0.64 -- AUOSC=0.43 -- AUOSC Norm=0.73 -- K+1 Acc=0.33
Making test loader from following:  [38, 30, 4, 31, 50, 28, 26, 25, 21, 10, 29, 23, 15, 22, 39, 7, 24, 44, 36, 13, 5, 3, 8, 49, 6, 2, 14, 34, 12, 9, 33, 37, 0, 16, 40, 19, 42, 46, 35, 18, 48, 20, 17, 43, 41, 47, 11, 27, 45, 1, 32]
Num OOD samples  500
Making in-loader from these classes:  [38, 30, 4, 31, 50, 28, 26, 25, 21, 10, 29, 23, 15, 22, 39, 7, 24, 44, 36, 13, 5, 3, 8, 49, 6, 2, 14, 34, 12, 9, 33, 37, 0, 16, 40, 19, 42, 46, 35, 18, 48, 20, 17, 43, 41, 47, 11, 27, 45, 1, 32]
Inloader made from 51 classes (500 samples)
Inloader made from 51 classes (500 samples)
Outloader made from 1 classes (500 samples)

Index: 120000 -- top1=61.92% -- top5=84.20%
Threshold K+1: 0.61

OOD: AUROC=0.66 -- AUOSC=0.47 -- AUOSC Norm=0.75 -- K+1 Acc=0.38
Making test loader from following:  [38, 30, 4, 31, 50, 28, 26, 25, 21, 10, 29, 23, 15, 22, 39, 7, 24, 44, 36, 13, 5, 3, 8, 49, 6, 2, 14, 34, 12, 9, 33, 37, 0, 16, 40, 19, 42, 46, 35, 18, 48, 20, 17, 43, 41, 47, 11, 27, 45, 1, 32]
Num OOD samples  500
Making in-loader from these classes:  [38, 30, 4, 31, 50, 28, 26, 25, 21, 10, 29, 23, 15, 22, 39, 7, 24, 44, 36, 13, 5, 3, 8, 49, 6, 2, 14, 34, 12, 9, 33, 37, 0, 16, 40, 19, 42, 46, 35, 18, 48, 20, 17, 43, 41, 47, 11, 27, 45, 1, 32]
Inloader made from 51 classes (500 samples)
Inloader made from 51 classes (500 samples)
Outloader made from 1 classes (500 samples)

Index: 150000 -- top1=63.45% -- top5=86.27%
Threshold K+1: 0.63

OOD: AUROC=0.68 -- AUOSC=0.45 -- AUOSC Norm=0.69 -- K+1 Acc=0.39
Making test loader from following:  [38, 30, 4, 31, 50, 28, 26, 25, 21, 10, 29, 23, 15, 22, 39, 7, 24, 44, 36, 13, 5, 3, 8, 49, 6, 2, 14, 34, 12, 9, 33, 37, 0, 16, 40, 19, 42, 46, 35, 18, 48, 20, 17, 43, 41, 47, 11, 27, 45, 1, 32]
Num OOD samples  500
Making in-loader from these classes:  [38, 30, 4, 31, 50, 28, 26, 25, 21, 10, 29, 23, 15, 22, 39, 7, 24, 44, 36, 13, 5, 3, 8, 49, 6, 2, 14, 34, 12, 9, 33, 37, 0, 16, 40, 19, 42, 46, 35, 18, 48, 20, 17, 43, 41, 47, 11, 27, 45, 1, 32]
Inloader made from 51 classes (500 samples)
Inloader made from 51 classes (500 samples)
Outloader made from 1 classes (500 samples)

Index: 150736 -- top1=63.22% -- top5=86.20%
Threshold K+1: 0.63

OOD: AUROC=0.68 -- AUOSC=0.45 -- AUOSC Norm=0.70 -- K+1 Acc=0.39
